<?xml version="1.0" encoding="UTF-8"?>
<!-- Generated by org.testng.reporters.JUnitReportReporter -->
<testsuite hostname="GauravAhuja" failures="0" tests="1" name="TestRunner.Run" time="66.115" errors="0" timestamp="2023-09-07T06:06:10 IST" skipped="0">
  <testcase classname="TestRunner.Run" name="runScenario" time="66.115"/>
  <system-out/>
</testsuite> <!-- TestRunner.Run -->
