<?xml version="1.0" encoding="UTF-8"?>
<!-- Generated by org.testng.reporters.JUnitReportReporter -->
<testsuite hostname="GauravAhuja" failures="0" tests="1" name="TestRunner.Run" time="88.133" errors="0" timestamp="2023-09-06T05:08:01 IST" skipped="0">
  <testcase classname="TestRunner.Run" name="runScenario" time="88.133"/>
  <system-out/>
</testsuite> <!-- TestRunner.Run -->
